<?xml version="1.0" encoding="UTF-8"?>
<coverage generated="1667831360634" clover="3.2.0">
  <project timestamp="1667831360634" name="All files">
    <metrics statements="54" coveredstatements="54" conditionals="49" coveredconditionals="49" methods="9" coveredmethods="9" elements="112" coveredelements="112" complexity="0" loc="54" ncloc="54" packages="1" files="2" classes="2"/>
    <file name="FigureCalculator.js" path="D:\Belajar\Back End Ex\math-api\src\FigureCalculator.js">
      <metrics statements="28" coveredstatements="28" conditionals="25" coveredconditionals="25" methods="5" coveredmethods="5"/>
      <line num="4" count="13" type="stmt"/>
      <line num="8" count="7" type="cond" truecount="2" falsecount="0"/>
      <line num="9" count="3" type="stmt"/>
      <line num="12" count="4" type="stmt"/>
      <line num="14" count="4" type="cond" truecount="4" falsecount="0"/>
      <line num="15" count="3" type="stmt"/>
      <line num="18" count="1" type="stmt"/>
      <line num="21" count="7" type="cond" truecount="2" falsecount="0"/>
      <line num="22" count="3" type="stmt"/>
      <line num="25" count="4" type="stmt"/>
      <line num="27" count="4" type="cond" truecount="4" falsecount="0"/>
      <line num="28" count="3" type="stmt"/>
      <line num="31" count="1" type="stmt"/>
      <line num="34" count="7" type="cond" truecount="2" falsecount="0"/>
      <line num="35" count="3" type="stmt"/>
      <line num="38" count="4" type="stmt"/>
      <line num="40" count="4" type="cond" truecount="2" falsecount="0"/>
      <line num="45" count="3" type="stmt"/>
      <line num="48" count="1" type="stmt"/>
      <line num="50" count="1" type="stmt"/>
      <line num="53" count="7" type="cond" truecount="2" falsecount="0"/>
      <line num="54" count="3" type="stmt"/>
      <line num="57" count="4" type="stmt"/>
      <line num="59" count="4" type="cond" truecount="4" falsecount="0"/>
      <line num="60" count="3" type="stmt"/>
      <line num="63" count="1" type="stmt"/>
      <line num="65" count="1" type="stmt"/>
      <line num="69" count="1" type="stmt"/>
    </file>
    <file name="MathBasic.js" path="D:\Belajar\Back End Ex\math-api\src\MathBasic.js">
      <metrics statements="26" coveredstatements="26" conditionals="24" coveredconditionals="24" methods="4" coveredmethods="4"/>
      <line num="1" count="2" type="stmt"/>
      <line num="3" count="13" type="cond" truecount="2" falsecount="0"/>
      <line num="4" count="4" type="stmt"/>
      <line num="7" count="9" type="stmt"/>
      <line num="9" count="9" type="cond" truecount="4" falsecount="0"/>
      <line num="10" count="3" type="stmt"/>
      <line num="13" count="6" type="stmt"/>
      <line num="16" count="9" type="cond" truecount="2" falsecount="0"/>
      <line num="17" count="3" type="stmt"/>
      <line num="20" count="6" type="stmt"/>
      <line num="22" count="6" type="cond" truecount="4" falsecount="0"/>
      <line num="23" count="3" type="stmt"/>
      <line num="26" count="3" type="stmt"/>
      <line num="29" count="12" type="cond" truecount="2" falsecount="0"/>
      <line num="30" count="3" type="stmt"/>
      <line num="33" count="9" type="stmt"/>
      <line num="35" count="9" type="cond" truecount="4" falsecount="0"/>
      <line num="36" count="3" type="stmt"/>
      <line num="39" count="6" type="stmt"/>
      <line num="42" count="10" type="cond" truecount="2" falsecount="0"/>
      <line num="43" count="3" type="stmt"/>
      <line num="46" count="7" type="stmt"/>
      <line num="48" count="7" type="cond" truecount="4" falsecount="0"/>
      <line num="49" count="3" type="stmt"/>
      <line num="52" count="4" type="stmt"/>
      <line num="56" count="2" type="stmt"/>
    </file>
  </project>
</coverage>
