{"D:\\Belajar\\Back End Ex\\math-api\\src\\FigureCalculator.js": {"path":"D:\\Belajar\\Back End Ex\\math-api\\src\\FigureCalculator.js","statementMap":{"0":{"start":{"line":4,"column":4},"end":{"line":4,"column":32}},"1":{"start":{"line":8,"column":4},"end":{"line":10,"column":5}},"2":{"start":{"line":9,"column":6},"end":{"line":9,"column":61}},"3":{"start":{"line":12,"column":28},"end":{"line":12,"column":32}},"4":{"start":{"line":14,"column":4},"end":{"line":16,"column":5}},"5":{"start":{"line":15,"column":6},"end":{"line":15,"column":64}},"6":{"start":{"line":18,"column":4},"end":{"line":18,"column":75}},"7":{"start":{"line":21,"column":4},"end":{"line":23,"column":5}},"8":{"start":{"line":22,"column":6},"end":{"line":22,"column":61}},"9":{"start":{"line":25,"column":28},"end":{"line":25,"column":32}},"10":{"start":{"line":27,"column":4},"end":{"line":29,"column":5}},"11":{"start":{"line":28,"column":6},"end":{"line":28,"column":64}},"12":{"start":{"line":31,"column":4},"end":{"line":31,"column":51}},"13":{"start":{"line":34,"column":4},"end":{"line":36,"column":5}},"14":{"start":{"line":35,"column":6},"end":{"line":35,"column":61}},"15":{"start":{"line":38,"column":33},"end":{"line":38,"column":37}},"16":{"start":{"line":40,"column":4},"end":{"line":46,"column":5}},"17":{"start":{"line":45,"column":6},"end":{"line":45,"column":64}},"18":{"start":{"line":48,"column":18},"end":{"line":48,"column":51}},"19":{"start":{"line":50,"column":4},"end":{"line":50,"column":44}},"20":{"start":{"line":53,"column":4},"end":{"line":55,"column":5}},"21":{"start":{"line":54,"column":6},"end":{"line":54,"column":61}},"22":{"start":{"line":57,"column":27},"end":{"line":57,"column":31}},"23":{"start":{"line":59,"column":4},"end":{"line":61,"column":5}},"24":{"start":{"line":60,"column":6},"end":{"line":60,"column":64}},"25":{"start":{"line":63,"column":17},"end":{"line":63,"column":55}},"26":{"start":{"line":65,"column":4},"end":{"line":65,"column":43}},"27":{"start":{"line":69,"column":0},"end":{"line":69,"column":34}}},"fnMap":{"0":{"name":"(anonymous_0)","decl":{"start":{"line":3,"column":2},"end":{"line":3,"column":3}},"loc":{"start":{"line":3,"column":25},"end":{"line":5,"column":3}},"line":3},"1":{"name":"(anonymous_1)","decl":{"start":{"line":7,"column":2},"end":{"line":7,"column":3}},"loc":{"start":{"line":7,"column":39},"end":{"line":19,"column":3}},"line":7},"2":{"name":"(anonymous_2)","decl":{"start":{"line":20,"column":2},"end":{"line":20,"column":3}},"loc":{"start":{"line":20,"column":34},"end":{"line":32,"column":3}},"line":20},"3":{"name":"(anonymous_3)","decl":{"start":{"line":33,"column":2},"end":{"line":33,"column":3}},"loc":{"start":{"line":33,"column":38},"end":{"line":51,"column":3}},"line":33},"4":{"name":"(anonymous_4)","decl":{"start":{"line":52,"column":2},"end":{"line":52,"column":3}},"loc":{"start":{"line":52,"column":33},"end":{"line":66,"column":3}},"line":52}},"branchMap":{"0":{"loc":{"start":{"line":8,"column":4},"end":{"line":10,"column":5}},"type":"if","locations":[{"start":{"line":8,"column":4},"end":{"line":10,"column":5}},{"start":{},"end":{}}],"line":8},"1":{"loc":{"start":{"line":14,"column":4},"end":{"line":16,"column":5}},"type":"if","locations":[{"start":{"line":14,"column":4},"end":{"line":16,"column":5}},{"start":{},"end":{}}],"line":14},"2":{"loc":{"start":{"line":14,"column":8},"end":{"line":14,"column":63}},"type":"binary-expr","locations":[{"start":{"line":14,"column":8},"end":{"line":14,"column":34}},{"start":{"line":14,"column":38},"end":{"line":14,"column":63}}],"line":14},"3":{"loc":{"start":{"line":21,"column":4},"end":{"line":23,"column":5}},"type":"if","locations":[{"start":{"line":21,"column":4},"end":{"line":23,"column":5}},{"start":{},"end":{}}],"line":21},"4":{"loc":{"start":{"line":27,"column":4},"end":{"line":29,"column":5}},"type":"if","locations":[{"start":{"line":27,"column":4},"end":{"line":29,"column":5}},{"start":{},"end":{}}],"line":27},"5":{"loc":{"start":{"line":27,"column":8},"end":{"line":27,"column":63}},"type":"binary-expr","locations":[{"start":{"line":27,"column":8},"end":{"line":27,"column":34}},{"start":{"line":27,"column":38},"end":{"line":27,"column":63}}],"line":27},"6":{"loc":{"start":{"line":34,"column":4},"end":{"line":36,"column":5}},"type":"if","locations":[{"start":{"line":34,"column":4},"end":{"line":36,"column":5}},{"start":{},"end":{}}],"line":34},"7":{"loc":{"start":{"line":40,"column":4},"end":{"line":46,"column":5}},"type":"if","locations":[{"start":{"line":40,"column":4},"end":{"line":46,"column":5}},{"start":{},"end":{}}],"line":40},"8":{"loc":{"start":{"line":41,"column":6},"end":{"line":43,"column":30}},"type":"binary-expr","locations":[{"start":{"line":41,"column":6},"end":{"line":41,"column":31}},{"start":{"line":42,"column":6},"end":{"line":42,"column":31}},{"start":{"line":43,"column":6},"end":{"line":43,"column":30}}],"line":41},"9":{"loc":{"start":{"line":53,"column":4},"end":{"line":55,"column":5}},"type":"if","locations":[{"start":{"line":53,"column":4},"end":{"line":55,"column":5}},{"start":{},"end":{}}],"line":53},"10":{"loc":{"start":{"line":59,"column":4},"end":{"line":61,"column":5}},"type":"if","locations":[{"start":{"line":59,"column":4},"end":{"line":61,"column":5}},{"start":{},"end":{}}],"line":59},"11":{"loc":{"start":{"line":59,"column":8},"end":{"line":59,"column":62}},"type":"binary-expr","locations":[{"start":{"line":59,"column":8},"end":{"line":59,"column":32}},{"start":{"line":59,"column":36},"end":{"line":59,"column":62}}],"line":59}},"s":{"0":17,"1":8,"2":3,"3":5,"4":5,"5":3,"6":2,"7":8,"8":3,"9":5,"10":5,"11":3,"12":2,"13":8,"14":3,"15":5,"16":5,"17":3,"18":2,"19":2,"20":8,"21":3,"22":5,"23":5,"24":3,"25":2,"26":2,"27":2},"f":{"0":17,"1":8,"2":8,"3":8,"4":8},"b":{"0":[3,5],"1":[3,2],"2":[5,2],"3":[3,5],"4":[3,2],"5":[5,2],"6":[3,5],"7":[3,2],"8":[5,2,2],"9":[3,5],"10":[3,2],"11":[5,2]},"_coverageSchema":"1a1c01bbd47fc00a2c39e90264f33305004495a9","hash":"251c635f4d42f7b48a3c9a639cd6a3cb0b54b29d"}
,"D:\\Belajar\\Back End Ex\\math-api\\src\\MathBasic.js": {"path":"D:\\Belajar\\Back End Ex\\math-api\\src\\MathBasic.js","statementMap":{"0":{"start":{"line":1,"column":18},"end":{"line":54,"column":1}},"1":{"start":{"line":3,"column":4},"end":{"line":5,"column":5}},"2":{"start":{"line":4,"column":6},"end":{"line":4,"column":65}},"3":{"start":{"line":7,"column":19},"end":{"line":7,"column":23}},"4":{"start":{"line":9,"column":4},"end":{"line":11,"column":5}},"5":{"start":{"line":10,"column":6},"end":{"line":10,"column":64}},"6":{"start":{"line":13,"column":4},"end":{"line":13,"column":17}},"7":{"start":{"line":16,"column":4},"end":{"line":18,"column":5}},"8":{"start":{"line":17,"column":6},"end":{"line":17,"column":70}},"9":{"start":{"line":20,"column":19},"end":{"line":20,"column":23}},"10":{"start":{"line":22,"column":4},"end":{"line":24,"column":5}},"11":{"start":{"line":23,"column":6},"end":{"line":23,"column":64}},"12":{"start":{"line":26,"column":4},"end":{"line":26,"column":17}},"13":{"start":{"line":29,"column":4},"end":{"line":31,"column":5}},"14":{"start":{"line":30,"column":6},"end":{"line":30,"column":70}},"15":{"start":{"line":33,"column":19},"end":{"line":33,"column":23}},"16":{"start":{"line":35,"column":4},"end":{"line":37,"column":5}},"17":{"start":{"line":36,"column":6},"end":{"line":36,"column":64}},"18":{"start":{"line":39,"column":4},"end":{"line":39,"column":17}},"19":{"start":{"line":42,"column":4},"end":{"line":44,"column":5}},"20":{"start":{"line":43,"column":6},"end":{"line":43,"column":68}},"21":{"start":{"line":46,"column":19},"end":{"line":46,"column":23}},"22":{"start":{"line":48,"column":4},"end":{"line":50,"column":5}},"23":{"start":{"line":49,"column":6},"end":{"line":49,"column":64}},"24":{"start":{"line":52,"column":4},"end":{"line":52,"column":17}},"25":{"start":{"line":56,"column":0},"end":{"line":56,"column":27}}},"fnMap":{"0":{"name":"(anonymous_0)","decl":{"start":{"line":2,"column":7},"end":{"line":2,"column":8}},"loc":{"start":{"line":2,"column":20},"end":{"line":14,"column":3}},"line":2},"1":{"name":"(anonymous_1)","decl":{"start":{"line":15,"column":12},"end":{"line":15,"column":13}},"loc":{"start":{"line":15,"column":25},"end":{"line":27,"column":3}},"line":15},"2":{"name":"(anonymous_2)","decl":{"start":{"line":28,"column":12},"end":{"line":28,"column":13}},"loc":{"start":{"line":28,"column":25},"end":{"line":40,"column":3}},"line":28},"3":{"name":"(anonymous_3)","decl":{"start":{"line":41,"column":10},"end":{"line":41,"column":11}},"loc":{"start":{"line":41,"column":23},"end":{"line":53,"column":3}},"line":41}},"branchMap":{"0":{"loc":{"start":{"line":3,"column":4},"end":{"line":5,"column":5}},"type":"if","locations":[{"start":{"line":3,"column":4},"end":{"line":5,"column":5}},{"start":{},"end":{}}],"line":3},"1":{"loc":{"start":{"line":9,"column":4},"end":{"line":11,"column":5}},"type":"if","locations":[{"start":{"line":9,"column":4},"end":{"line":11,"column":5}},{"start":{},"end":{}}],"line":9},"2":{"loc":{"start":{"line":9,"column":8},"end":{"line":9,"column":54}},"type":"binary-expr","locations":[{"start":{"line":9,"column":8},"end":{"line":9,"column":29}},{"start":{"line":9,"column":33},"end":{"line":9,"column":54}}],"line":9},"3":{"loc":{"start":{"line":16,"column":4},"end":{"line":18,"column":5}},"type":"if","locations":[{"start":{"line":16,"column":4},"end":{"line":18,"column":5}},{"start":{},"end":{}}],"line":16},"4":{"loc":{"start":{"line":22,"column":4},"end":{"line":24,"column":5}},"type":"if","locations":[{"start":{"line":22,"column":4},"end":{"line":24,"column":5}},{"start":{},"end":{}}],"line":22},"5":{"loc":{"start":{"line":22,"column":8},"end":{"line":22,"column":54}},"type":"binary-expr","locations":[{"start":{"line":22,"column":8},"end":{"line":22,"column":29}},{"start":{"line":22,"column":33},"end":{"line":22,"column":54}}],"line":22},"6":{"loc":{"start":{"line":29,"column":4},"end":{"line":31,"column":5}},"type":"if","locations":[{"start":{"line":29,"column":4},"end":{"line":31,"column":5}},{"start":{},"end":{}}],"line":29},"7":{"loc":{"start":{"line":35,"column":4},"end":{"line":37,"column":5}},"type":"if","locations":[{"start":{"line":35,"column":4},"end":{"line":37,"column":5}},{"start":{},"end":{}}],"line":35},"8":{"loc":{"start":{"line":35,"column":8},"end":{"line":35,"column":54}},"type":"binary-expr","locations":[{"start":{"line":35,"column":8},"end":{"line":35,"column":29}},{"start":{"line":35,"column":33},"end":{"line":35,"column":54}}],"line":35},"9":{"loc":{"start":{"line":42,"column":4},"end":{"line":44,"column":5}},"type":"if","locations":[{"start":{"line":42,"column":4},"end":{"line":44,"column":5}},{"start":{},"end":{}}],"line":42},"10":{"loc":{"start":{"line":48,"column":4},"end":{"line":50,"column":5}},"type":"if","locations":[{"start":{"line":48,"column":4},"end":{"line":50,"column":5}},{"start":{},"end":{}}],"line":48},"11":{"loc":{"start":{"line":48,"column":8},"end":{"line":48,"column":54}},"type":"binary-expr","locations":[{"start":{"line":48,"column":8},"end":{"line":48,"column":29}},{"start":{"line":48,"column":33},"end":{"line":48,"column":54}}],"line":48}},"s":{"0":3,"1":17,"2":4,"3":13,"4":13,"5":3,"6":10,"7":10,"8":3,"9":7,"10":7,"11":3,"12":4,"13":16,"14":3,"15":13,"16":13,"17":3,"18":10,"19":12,"20":3,"21":9,"22":9,"23":3,"24":6,"25":3},"f":{"0":17,"1":10,"2":16,"3":12},"b":{"0":[4,13],"1":[3,10],"2":[13,10],"3":[3,7],"4":[3,4],"5":[7,4],"6":[3,13],"7":[3,10],"8":[13,10],"9":[3,9],"10":[3,6],"11":[9,6]},"_coverageSchema":"1a1c01bbd47fc00a2c39e90264f33305004495a9","hash":"cfb9b03e393311408186687aea56f7c385ef0b77"}
,"D:\\Belajar\\Back End Ex\\math-api\\src\\createServer.js": {"path":"D:\\Belajar\\Back End Ex\\math-api\\src\\createServer.js","statementMap":{"0":{"start":{"line":1,"column":13},"end":{"line":1,"column":34}},"1":{"start":{"line":3,"column":21},"end":{"line":114,"column":1}},"2":{"start":{"line":4,"column":17},"end":{"line":7,"column":4}},"3":{"start":{"line":9,"column":2},"end":{"line":111,"column":5}},"4":{"start":{"line":14,"column":25},"end":{"line":14,"column":39}},"5":{"start":{"line":15,"column":22},"end":{"line":15,"column":57}},"6":{"start":{"line":16,"column":8},"end":{"line":18,"column":10}},"7":{"start":{"line":25,"column":25},"end":{"line":25,"column":39}},"8":{"start":{"line":26,"column":22},"end":{"line":26,"column":62}},"9":{"start":{"line":27,"column":8},"end":{"line":29,"column":10}},"10":{"start":{"line":36,"column":25},"end":{"line":36,"column":39}},"11":{"start":{"line":37,"column":22},"end":{"line":37,"column":62}},"12":{"start":{"line":38,"column":8},"end":{"line":40,"column":10}},"13":{"start":{"line":47,"column":25},"end":{"line":47,"column":39}},"14":{"start":{"line":48,"column":22},"end":{"line":48,"column":60}},"15":{"start":{"line":49,"column":8},"end":{"line":51,"column":10}},"16":{"start":{"line":58,"column":34},"end":{"line":58,"column":48}},"17":{"start":{"line":59,"column":22},"end":{"line":62,"column":9}},"18":{"start":{"line":63,"column":8},"end":{"line":65,"column":10}},"19":{"start":{"line":72,"column":34},"end":{"line":72,"column":48}},"20":{"start":{"line":73,"column":22},"end":{"line":76,"column":9}},"21":{"start":{"line":77,"column":8},"end":{"line":79,"column":10}},"22":{"start":{"line":86,"column":39},"end":{"line":86,"column":53}},"23":{"start":{"line":87,"column":22},"end":{"line":91,"column":9}},"24":{"start":{"line":92,"column":8},"end":{"line":94,"column":10}},"25":{"start":{"line":101,"column":33},"end":{"line":101,"column":47}},"26":{"start":{"line":102,"column":22},"end":{"line":105,"column":9}},"27":{"start":{"line":106,"column":8},"end":{"line":108,"column":10}},"28":{"start":{"line":113,"column":2},"end":{"line":113,"column":16}},"29":{"start":{"line":116,"column":0},"end":{"line":116,"column":30}}},"fnMap":{"0":{"name":"(anonymous_0)","decl":{"start":{"line":3,"column":21},"end":{"line":3,"column":22}},"loc":{"start":{"line":3,"column":58},"end":{"line":114,"column":1}},"line":3},"1":{"name":"(anonymous_1)","decl":{"start":{"line":13,"column":15},"end":{"line":13,"column":16}},"loc":{"start":{"line":13,"column":28},"end":{"line":19,"column":7}},"line":13},"2":{"name":"(anonymous_2)","decl":{"start":{"line":24,"column":15},"end":{"line":24,"column":16}},"loc":{"start":{"line":24,"column":28},"end":{"line":30,"column":7}},"line":24},"3":{"name":"(anonymous_3)","decl":{"start":{"line":35,"column":15},"end":{"line":35,"column":16}},"loc":{"start":{"line":35,"column":28},"end":{"line":41,"column":7}},"line":35},"4":{"name":"(anonymous_4)","decl":{"start":{"line":46,"column":15},"end":{"line":46,"column":16}},"loc":{"start":{"line":46,"column":28},"end":{"line":52,"column":7}},"line":46},"5":{"name":"(anonymous_5)","decl":{"start":{"line":57,"column":15},"end":{"line":57,"column":16}},"loc":{"start":{"line":57,"column":28},"end":{"line":66,"column":7}},"line":57},"6":{"name":"(anonymous_6)","decl":{"start":{"line":71,"column":15},"end":{"line":71,"column":16}},"loc":{"start":{"line":71,"column":28},"end":{"line":80,"column":7}},"line":71},"7":{"name":"(anonymous_7)","decl":{"start":{"line":85,"column":15},"end":{"line":85,"column":16}},"loc":{"start":{"line":85,"column":28},"end":{"line":95,"column":7}},"line":85},"8":{"name":"(anonymous_8)","decl":{"start":{"line":100,"column":15},"end":{"line":100,"column":16}},"loc":{"start":{"line":100,"column":28},"end":{"line":109,"column":7}},"line":100}},"branchMap":{},"s":{"0":1,"1":1,"2":8,"3":8,"4":1,"5":1,"6":1,"7":1,"8":1,"9":1,"10":1,"11":1,"12":1,"13":1,"14":1,"15":1,"16":1,"17":1,"18":1,"19":1,"20":1,"21":1,"22":1,"23":1,"24":1,"25":1,"26":1,"27":1,"28":8,"29":1},"f":{"0":8,"1":1,"2":1,"3":1,"4":1,"5":1,"6":1,"7":1,"8":1},"b":{},"_coverageSchema":"1a1c01bbd47fc00a2c39e90264f33305004495a9","hash":"577c305cffe7006f513354b3c3e606a613c176f6"}
}
