TN:
SF:src\FigureCalculator.js
FN:3,(anonymous_0)
FN:7,(anonymous_1)
FN:20,(anonymous_2)
FN:33,(anonymous_3)
FN:52,(anonymous_4)
FNF:5
FNH:5
FNDA:13,(anonymous_0)
FNDA:7,(anonymous_1)
FNDA:7,(anonymous_2)
FNDA:7,(anonymous_3)
FNDA:7,(anonymous_4)
DA:4,13
DA:8,7
DA:9,3
DA:12,4
DA:14,4
DA:15,3
DA:18,1
DA:21,7
DA:22,3
DA:25,4
DA:27,4
DA:28,3
DA:31,1
DA:34,7
DA:35,3
DA:38,4
DA:40,4
DA:45,3
DA:48,1
DA:50,1
DA:53,7
DA:54,3
DA:57,4
DA:59,4
DA:60,3
DA:63,1
DA:65,1
DA:69,1
LF:28
LH:28
BRDA:8,0,0,3
BRDA:8,0,1,4
BRDA:14,1,0,3
BRDA:14,1,1,1
BRDA:14,2,0,4
BRDA:14,2,1,1
BRDA:21,3,0,3
BRDA:21,3,1,4
BRDA:27,4,0,3
BRDA:27,4,1,1
BRDA:27,5,0,4
BRDA:27,5,1,1
BRDA:34,6,0,3
BRDA:34,6,1,4
BRDA:40,7,0,3
BRDA:40,7,1,1
BRDA:41,8,0,4
BRDA:41,8,1,1
BRDA:41,8,2,1
BRDA:53,9,0,3
BRDA:53,9,1,4
BRDA:59,10,0,3
BRDA:59,10,1,1
BRDA:59,11,0,4
BRDA:59,11,1,1
BRF:25
BRH:25
end_of_record
TN:
SF:src\MathBasic.js
FN:2,(anonymous_0)
FN:15,(anonymous_1)
FN:28,(anonymous_2)
FN:41,(anonymous_3)
FNF:4
FNH:4
FNDA:13,(anonymous_0)
FNDA:9,(anonymous_1)
FNDA:12,(anonymous_2)
FNDA:10,(anonymous_3)
DA:1,2
DA:3,13
DA:4,4
DA:7,9
DA:9,9
DA:10,3
DA:13,6
DA:16,9
DA:17,3
DA:20,6
DA:22,6
DA:23,3
DA:26,3
DA:29,12
DA:30,3
DA:33,9
DA:35,9
DA:36,3
DA:39,6
DA:42,10
DA:43,3
DA:46,7
DA:48,7
DA:49,3
DA:52,4
DA:56,2
LF:26
LH:26
BRDA:3,0,0,4
BRDA:3,0,1,9
BRDA:9,1,0,3
BRDA:9,1,1,6
BRDA:9,2,0,9
BRDA:9,2,1,6
BRDA:16,3,0,3
BRDA:16,3,1,6
BRDA:22,4,0,3
BRDA:22,4,1,3
BRDA:22,5,0,6
BRDA:22,5,1,3
BRDA:29,6,0,3
BRDA:29,6,1,9
BRDA:35,7,0,3
BRDA:35,7,1,6
BRDA:35,8,0,9
BRDA:35,8,1,6
BRDA:42,9,0,3
BRDA:42,9,1,7
BRDA:48,10,0,3
BRDA:48,10,1,4
BRDA:48,11,0,7
BRDA:48,11,1,4
BRF:24
BRH:24
end_of_record
