TN:
SF:src\FigureCalculator.js
FN:3,(anonymous_0)
FN:7,(anonymous_1)
FN:20,(anonymous_2)
FN:33,(anonymous_3)
FN:52,(anonymous_4)
FNF:5
FNH:5
FNDA:17,(anonymous_0)
FNDA:8,(anonymous_1)
FNDA:8,(anonymous_2)
FNDA:8,(anonymous_3)
FNDA:8,(anonymous_4)
DA:4,17
DA:8,8
DA:9,3
DA:12,5
DA:14,5
DA:15,3
DA:18,2
DA:21,8
DA:22,3
DA:25,5
DA:27,5
DA:28,3
DA:31,2
DA:34,8
DA:35,3
DA:38,5
DA:40,5
DA:45,3
DA:48,2
DA:50,2
DA:53,8
DA:54,3
DA:57,5
DA:59,5
DA:60,3
DA:63,2
DA:65,2
DA:69,2
LF:28
LH:28
BRDA:8,0,0,3
BRDA:8,0,1,5
BRDA:14,1,0,3
BRDA:14,1,1,2
BRDA:14,2,0,5
BRDA:14,2,1,2
BRDA:21,3,0,3
BRDA:21,3,1,5
BRDA:27,4,0,3
BRDA:27,4,1,2
BRDA:27,5,0,5
BRDA:27,5,1,2
BRDA:34,6,0,3
BRDA:34,6,1,5
BRDA:40,7,0,3
BRDA:40,7,1,2
BRDA:41,8,0,5
BRDA:41,8,1,2
BRDA:41,8,2,2
BRDA:53,9,0,3
BRDA:53,9,1,5
BRDA:59,10,0,3
BRDA:59,10,1,2
BRDA:59,11,0,5
BRDA:59,11,1,2
BRF:25
BRH:25
end_of_record
TN:
SF:src\MathBasic.js
FN:2,(anonymous_0)
FN:15,(anonymous_1)
FN:28,(anonymous_2)
FN:41,(anonymous_3)
FNF:4
FNH:4
FNDA:17,(anonymous_0)
FNDA:10,(anonymous_1)
FNDA:16,(anonymous_2)
FNDA:12,(anonymous_3)
DA:1,3
DA:3,17
DA:4,4
DA:7,13
DA:9,13
DA:10,3
DA:13,10
DA:16,10
DA:17,3
DA:20,7
DA:22,7
DA:23,3
DA:26,4
DA:29,16
DA:30,3
DA:33,13
DA:35,13
DA:36,3
DA:39,10
DA:42,12
DA:43,3
DA:46,9
DA:48,9
DA:49,3
DA:52,6
DA:56,3
LF:26
LH:26
BRDA:3,0,0,4
BRDA:3,0,1,13
BRDA:9,1,0,3
BRDA:9,1,1,10
BRDA:9,2,0,13
BRDA:9,2,1,10
BRDA:16,3,0,3
BRDA:16,3,1,7
BRDA:22,4,0,3
BRDA:22,4,1,4
BRDA:22,5,0,7
BRDA:22,5,1,4
BRDA:29,6,0,3
BRDA:29,6,1,13
BRDA:35,7,0,3
BRDA:35,7,1,10
BRDA:35,8,0,13
BRDA:35,8,1,10
BRDA:42,9,0,3
BRDA:42,9,1,9
BRDA:48,10,0,3
BRDA:48,10,1,6
BRDA:48,11,0,9
BRDA:48,11,1,6
BRF:24
BRH:24
end_of_record
TN:
SF:src\createServer.js
FN:3,(anonymous_0)
FN:13,(anonymous_1)
FN:24,(anonymous_2)
FN:35,(anonymous_3)
FN:46,(anonymous_4)
FN:57,(anonymous_5)
FN:71,(anonymous_6)
FN:85,(anonymous_7)
FN:100,(anonymous_8)
FNF:9
FNH:9
FNDA:8,(anonymous_0)
FNDA:1,(anonymous_1)
FNDA:1,(anonymous_2)
FNDA:1,(anonymous_3)
FNDA:1,(anonymous_4)
FNDA:1,(anonymous_5)
FNDA:1,(anonymous_6)
FNDA:1,(anonymous_7)
FNDA:1,(anonymous_8)
DA:1,1
DA:3,1
DA:4,8
DA:9,8
DA:14,1
DA:15,1
DA:16,1
DA:25,1
DA:26,1
DA:27,1
DA:36,1
DA:37,1
DA:38,1
DA:47,1
DA:48,1
DA:49,1
DA:58,1
DA:59,1
DA:63,1
DA:72,1
DA:73,1
DA:77,1
DA:86,1
DA:87,1
DA:92,1
DA:101,1
DA:102,1
DA:106,1
DA:113,8
DA:116,1
LF:30
LH:30
BRF:0
BRH:0
end_of_record
